d:\repositories\spree\client\compiled\cn\debug\xfcontrol\xfcontrol.pch
d:\repositories\spree\client\compiled\cn\debug\xfcontrol\vc141.pdb
d:\repositories\spree\client\compiled\cn\debug\xfcontrol\vc141.idb
d:\repositories\spree\client\compiled\cn\debug\xfcontrol\stdafx.sbr
d:\repositories\spree\client\compiled\cn\debug\xfcontrol\stdafx.obj
d:\repositories\spree\client\compiled\cn\debug\xfcontrol\util.sbr
d:\repositories\spree\client\compiled\cn\debug\xfcontrol\sound.sbr
d:\repositories\spree\client\compiled\cn\debug\xfcontrol\debug.sbr
d:\repositories\spree\client\compiled\cn\debug\xfcontrol\unixfonts.sbr
d:\repositories\spree\client\compiled\cn\debug\xfcontrol\sstroker.sbr
d:\repositories\spree\client\compiled\cn\debug\xfcontrol\splayer.sbr
d:\repositories\spree\client\compiled\cn\debug\xfcontrol\splay.sbr
d:\repositories\spree\client\compiled\cn\debug\xfcontrol\sobject.sbr
d:\repositories\spree\client\compiled\cn\debug\xfcontrol\sndmix.sbr
d:\repositories\spree\client\compiled\cn\debug\xfcontrol\sndcodec.sbr
d:\repositories\spree\client\compiled\cn\debug\xfcontrol\sdisplay.sbr
d:\repositories\spree\client\compiled\cn\debug\xfcontrol\sbitmap.sbr
d:\repositories\spree\client\compiled\cn\debug\xfcontrol\raster.sbr
d:\repositories\spree\client\compiled\cn\debug\xfcontrol\mp3decoder.sbr
d:\repositories\spree\client\compiled\cn\debug\xfcontrol\morphinter.sbr
d:\repositories\spree\client\compiled\cn\debug\xfcontrol\memcop.sbr
d:\repositories\spree\client\compiled\cn\debug\xfcontrol\jpeg.sbr
d:\repositories\spree\client\compiled\cn\debug\xfcontrol\jpeg.obj
d:\repositories\spree\client\compiled\cn\debug\xfcontrol\memcop.obj
d:\repositories\spree\client\compiled\cn\debug\xfcontrol\mp3decoder.obj
d:\repositories\spree\client\compiled\cn\debug\xfcontrol\sndcodec.obj
d:\repositories\spree\client\compiled\cn\debug\xfcontrol\unixfonts.obj
d:\repositories\spree\client\compiled\cn\debug\xfcontrol\debug.obj
d:\repositories\spree\client\compiled\cn\debug\xfcontrol\sound.obj
d:\repositories\spree\client\compiled\cn\debug\xfcontrol\util.obj
d:\repositories\spree\client\compiled\cn\debug\xfcontrol\global.sbr
d:\repositories\spree\client\compiled\cn\debug\xfcontrol\geom.sbr
d:\repositories\spree\client\compiled\cn\debug\xfcontrol\fixed.sbr
d:\repositories\spree\client\compiled\cn\debug\xfcontrol\curve.sbr
d:\repositories\spree\client\compiled\cn\debug\xfcontrol\bitbuf.sbr
d:\repositories\spree\client\compiled\cn\debug\xfcontrol\curve.obj
d:\repositories\spree\client\compiled\cn\debug\xfcontrol\fixed.obj
d:\repositories\spree\client\compiled\cn\debug\xfcontrol\geom.obj
d:\repositories\spree\client\compiled\cn\debug\xfcontrol\global.obj
d:\repositories\spree\client\compiled\cn\debug\xfcontrol\xfcontrol.tlog\cl.command.1.tlog
d:\repositories\spree\client\compiled\cn\debug\xfcontrol\xfcontrol.tlog\cl.read.1.tlog
d:\repositories\spree\client\compiled\cn\debug\xfcontrol\xfcontrol.tlog\cl.write.1.tlog
